=== F6 budget + per-task spend attribution ===
date: Wed Jul 15 07:16:03 +04 2026

--- per-task spend = live ccusage total delta (claim -> close) ---
live ccusage total at claim : 10390166
close-time total (claim+12345): 10402511
attributed task spend        : 12345 (expected 12345)
real ccusage total re-read   : 10390166 (monotonic, spend never negative)
real short-interval delta    : 0 (>= 0 expected)
SPEND_OK

--- task with a low token cap is stopped and parked ---
parked: [('over', 5000)]
park reason: parked: task exceeded its token budget (5000 > cap 1000). Stopped the worker to protect the weekly pool; review before resuming.
CAP_OK

--- newspaper: DONE vs DONE-WAVE-N vs BETA + spend + summary first line ---
смена: 3 готово, 0 ждут тебя, 0 упало; съедено 5% окна
СМЕНА orc

── завершено ──
  ✓ plain  готово  ~1200 ток.
  ✓ waved  готово (предложена волна)  ~3400 ток.
  ◐ betaX  бета — ждёт твоего решения
NEWS_OK

=== RESULT ===
F6 BUDGET PASS (live spend delta + low-cap park + newspaper DONE/WAVE/BETA + summary-first).
