=== F9 gate protocol (real spawn + real notification) ===
date: Wed Jul 15 15:01:52 +04 2026
project: /tmp/orc-f9-proj.4FcmpH

--- add gate task with a decision card ---
task id: orc-f9-home_OVTj5R-ddw  slug: approve-the-release-scope-before-shipping

--- orc start (REAL spawn; seam worker writes a gate STATE.md, then waits) ---
worker handle (tab_id): 5477  tty: /dev/ttys003

--- orc status: detect gate -> park + notify + keep window ---
real osascript notification exit: 0
NOTIFY-LIVE PASS: real macOS notification delivered (osascript rc=0).
bd task status after gate: blocked
NOTIFY-CONTENT PASS: dispatcher composed a gate notification naming the task.

--- newspaper gate card content ---
смена: 0 готово, 1 ждут тебя, 0 упало; съедено 61% окна
СМЕНА orc

── ждут твоего решения ──
  ⏸ orc-f9-home_OVTj5R-ddw — Approve the release scope before shipping
     скоуп:      publish release v2 to users
     планка:     all tests green + changelog written
     полномочия: may tag the commit; may NOT git push (operator publishes)
     цена ошибки: a bad release ships broken code to real users
     ТЗ: /tmp/orc-f9-proj.4FcmpH/docs/tasks/approve-the-release-scope-before-shipping/brief.md
     ⚠ необратимое действие — решается ОТДЕЛЬНО, не в батче
CARD PASS: scope + brief path + cost of error + irreversible marker all present.

worker processes still alive on tty ttys003 (window held): 4
WINDOW-HELD PASS: the worker session waits live (slot held, not killed on gate).

--- resume: STATE.md carries the next step for a fresh continuation ---
STATE.md next step: - Next: after approval, build against the approved scope
RESUME PASS: STATE.md records the next step -> a fresh worker resumes from it.

=== RESULT ===
F9 GATE PASS (real notification delivered; card has brief path + cost + irreversible; window held; resume ready).
